<?xml version="1.0" encoding="UTF-8"?>
<!-- Generated by org.testng.reporters.JUnitXMLReporter -->
<testsuite ignored="0" hostname="LAPTOP-7ILMOFNA" failures="0" tests="3" name="Test2" time="31.422" errors="0" timestamp="17 Mar 2022 14:37:42 GMT">
  <testcase classname="testClass.TC_2" name="VerificationOfCartCount" time="2.497"/>
  <testcase classname="testClass.TC_2" name="verifyAddedCardItem" time="4.708"/>
  <testcase classname="testClass.TC_2" name="verifyAfterDeleteCartShowZero" time="2.293"/>
</testsuite> <!-- Test2 -->
