<?xml version="1.0" encoding="UTF-8"?>
<!-- Generated by org.testng.reporters.JUnitXMLReporter -->
<testsuite ignored="0" hostname="LAPTOP-7ILMOFNA" failures="0" tests="3" name="Test2" time="27.131" errors="0" timestamp="18 Mar 2022 05:39:03 GMT">
  <testcase classname="testClass.TC_2" name="VerificationOfCartCount" time="2.382"/>
  <testcase classname="testClass.TC_2" name="verifyAddedCardItem" time="3.38"/>
  <testcase classname="testClass.TC_2" name="verifyAfterDeleteCartShowZero" time="2.182"/>
</testsuite> <!-- Test2 -->
