<?xml version="1.0" encoding="UTF-8"?>
<!-- Generated by org.testng.reporters.JUnitXMLReporter -->
<testsuite ignored="0" hostname="LAPTOP-7ILMOFNA" failures="1" tests="1" name="Test1" time="13.727" errors="0" timestamp="18 Mar 2022 05:38:35 GMT">
  <testcase classname="testClass.TC_1" name="verificationOfCartMsg" time="0.798">
    <failure type="java.lang.AssertionError" message="expected [Your Amazon Cart is empty] but found [Your Amazon Basket is empty]">
      <![CDATA[java.lang.AssertionError: expected [Your Amazon Cart is empty] but found [Your Amazon Basket is empty]
	at testClass.TC_1.verificationOfCartMsg(TC_1.java:44)
... Removed 35 stack frames]]>
    </failure>
  </testcase> <!-- verificationOfCartMsg -->
</testsuite> <!-- Test1 -->
