-------------------------------------------------------------------------------
Test set: TestSuite
-------------------------------------------------------------------------------
Tests run: 4, Failures: 1, Errors: 0, Skipped: 0, Time elapsed: 42.413 s <<< FAILURE! - in TestSuite
testClass.TC_1.verificationOfCartMsg  Time elapsed: 0.793 s  <<< FAILURE!
java.lang.AssertionError: expected [Your Amazon Cart is empty] but found [Your Amazon Basket is empty]
	at testClass.TC_1.verificationOfCartMsg(TC_1.java:44)

